<?xml version="1.0" encoding="UTF-8"?>
<testsuite xmlns:xsi="http://www.w3.org/2001/XMLSchema-instance" xsi:noNamespaceSchemaLocation="https://maven.apache.org/surefire/maven-surefire-plugin/xsd/surefire-test-report-3.0.xsd" version="3.0" name="TestSuite" time="51.998" tests="2" errors="0" skipped="0" failures="0">
  <properties>
[...]
</properties>
  <testcase name="runScenario[&quot;Search Experience for Products in both product and offer page&quot;, &quot;Search and Place order for Products.&quot;](1)" classname="testRunner.TestNGTestRunner" time="38.843">
    <system-out><![CDATA[Loading Properties File
Loading Properties File
property file detected and loaded successfully
property file detected and loaded successfully
chrome
chrome
Loading Properties File
property file detected and loaded successfully
chrome
GREENKART
Potato
Loading Properties File
property file detected and loaded successfully
chrome
GREENKART
Loading Properties File
property file detected and loaded successfully
chrome
]]></system-out>
    <system-err><![CDATA[SLF4J: Failed to load class "org.slf4j.impl.StaticLoggerBinder".
SLF4J: Defaulting to no-operation (NOP) logger implementation
SLF4J: See http://www.slf4j.org/codes.html#StaticLoggerBinder for further details.
Starting MSEdgeDriver 100.0.1185.57 (f343baa20b08e2c055e99798a6e68d15c680e62a) on port 58455
Only local connections are allowed.
Please see https://chromedriver.chromium.org/security-considerations for suggestions on keeping MSEdgeDriver safe.
Starting MSEdgeDriver 100.0.1185.57 (f343baa20b08e2c055e99798a6e68d15c680e62a) on port 50990
Only local connections are allowed.
Please see https://chromedriver.chromium.org/security-considerations for suggestions on keeping MSEdgeDriver safe.
MSEdgeDriver was started successfully.
MSEdgeDriver was started successfully.
May 10, 2022 2:47:43 PM org.openqa.selenium.remote.ProtocolHandshake createSession
INFO: Detected dialect: W3C
May 10, 2022 2:47:44 PM org.openqa.selenium.devtools.CdpVersionFinder findNearestMatch
WARNING: Unable to find an exact match for CDP version 100, so returning the closest version found: 99
May 10, 2022 2:47:44 PM org.openqa.selenium.devtools.CdpVersionFinder findNearestMatch
INFO: Found CDP implementation for version 100 of 99
May 10, 2022 2:47:51 PM org.openqa.selenium.remote.ProtocolHandshake createSession
INFO: Detected dialect: W3C
May 10, 2022 2:47:51 PM org.openqa.selenium.devtools.CdpVersionFinder findNearestMatch
WARNING: Unable to find an exact match for CDP version 100, so returning the closest version found: 99
May 10, 2022 2:47:51 PM org.openqa.selenium.devtools.CdpVersionFinder findNearestMatch
INFO: Found CDP implementation for version 100 of 99
]]></system-err>
  </testcase>
  <testcase name="runScenario[&quot;Search Experience for Products in both product and offer page&quot;, &quot;Search and Place order for Products.&quot;](2)" classname="testRunner.TestNGTestRunner" time="43.393">
    <system-out><![CDATA[Tomato
Loading Properties File
property file detected and loaded successfully
chrome
]]></system-out>
  </testcase>
</testsuite>