<?xml version="1.0" encoding="UTF-8"?>
<testng-results skipped="0" failed="0" ignored="0" total="2" passed="2">
  <reporter-output>
  </reporter-output>
  <suite name="Surefire suite" duration-ms="51257" started-at="2022-05-10T14:47:17 IST" finished-at="2022-05-10T14:48:08 IST">
    <groups>
      <group name="cucumber">
        <method signature="AbstractTestNGCucumberTests.runScenario(io.cucumber.testng.PickleWrapper,io.cucumber.testng.FeatureWrapper)[pri:0, instance:testRunner.TestNGTestRunner@727803de]" name="runScenario" class="io.cucumber.testng.AbstractTestNGCucumberTests"/>
      </group> <!-- cucumber -->
    </groups>
    <test name="Surefire test" duration-ms="51257" started-at="2022-05-10T14:47:17 IST" finished-at="2022-05-10T14:48:08 IST">
      <class name="testRunner.TestNGTestRunner">
        <test-method status="PASS" signature="setUpClass(org.testng.ITestContext)[pri:0, instance:testRunner.TestNGTestRunner@727803de]" name="setUpClass" is-config="true" duration-ms="4607" started-at="2022-05-10T14:47:17 IST" finished-at="2022-05-10T14:47:21 IST">
          <params>
            <param index="0">
              <value>
                <![CDATA[org.testng.TestRunner@42d236fb]]>
              </value>
            </param>
          </params>
          <reporter-output>
          </reporter-output>
        </test-method> <!-- setUpClass -->
        <test-method status="PASS" signature="runScenario(io.cucumber.testng.PickleWrapper,io.cucumber.testng.FeatureWrapper)[pri:0, instance:testRunner.TestNGTestRunner@727803de]" name="runScenario" duration-ms="43402" started-at="2022-05-10T14:47:21 IST" description="Runs Cucumber Scenarios" data-provider="scenarios" finished-at="2022-05-10T14:48:05 IST">
          <params>
            <param index="0">
              <value>
                <![CDATA["Search Experience for Products in both product and offer page"]]>
              </value>
            </param>
            <param index="1">
              <value>
                <![CDATA["Search and Place order for Products."]]>
              </value>
            </param>
          </params>
          <reporter-output>
          </reporter-output>
        </test-method> <!-- runScenario -->
        <test-method status="PASS" signature="runScenario(io.cucumber.testng.PickleWrapper,io.cucumber.testng.FeatureWrapper)[pri:0, instance:testRunner.TestNGTestRunner@727803de]" name="runScenario" duration-ms="38849" started-at="2022-05-10T14:47:21 IST" description="Runs Cucumber Scenarios" data-provider="scenarios" finished-at="2022-05-10T14:48:00 IST">
          <params>
            <param index="0">
              <value>
                <![CDATA["Search Experience for Products in both product and offer page"]]>
              </value>
            </param>
            <param index="1">
              <value>
                <![CDATA["Search and Place order for Products."]]>
              </value>
            </param>
          </params>
          <reporter-output>
          </reporter-output>
        </test-method> <!-- runScenario -->
        <test-method status="PASS" signature="tearDownClass()[pri:0, instance:testRunner.TestNGTestRunner@727803de]" name="tearDownClass" is-config="true" duration-ms="3200" started-at="2022-05-10T14:48:05 IST" finished-at="2022-05-10T14:48:08 IST">
          <reporter-output>
          </reporter-output>
        </test-method> <!-- tearDownClass -->
      </class> <!-- testRunner.TestNGTestRunner -->
    </test> <!-- Surefire test -->
  </suite> <!-- Surefire suite -->
</testng-results>
